# ******************************************************
# PLUTO 4.4-patch2 Grid File
# Generated on  Tue Feb 27 23:42:14 2024
# 
# DIMENSIONS: 2
# GEOMETRY:   CARTESIAN
# X1: [-4.000000,  4.000000], 120 point(s), 2 ghosts
# X2: [-8.000000,  8.000000], 100 point(s), 2 ghosts
# ******************************************************
120 
 1   -4.000000000000e+00    -3.924000000000e+00
 2   -3.924000000000e+00    -3.848000000000e+00
 3   -3.848000000000e+00    -3.772000000000e+00
 4   -3.772000000000e+00    -3.696000000000e+00
 5   -3.696000000000e+00    -3.620000000000e+00
 6   -3.620000000000e+00    -3.544000000000e+00
 7   -3.544000000000e+00    -3.468000000000e+00
 8   -3.468000000000e+00    -3.392000000000e+00
 9   -3.392000000000e+00    -3.316000000000e+00
 10   -3.316000000000e+00    -3.240000000000e+00
 11   -3.240000000000e+00    -3.164000000000e+00
 12   -3.164000000000e+00    -3.088000000000e+00
 13   -3.088000000000e+00    -3.012000000000e+00
 14   -3.012000000000e+00    -2.936000000000e+00
 15   -2.936000000000e+00    -2.860000000000e+00
 16   -2.860000000000e+00    -2.784000000000e+00
 17   -2.784000000000e+00    -2.708000000000e+00
 18   -2.708000000000e+00    -2.632000000000e+00
 19   -2.632000000000e+00    -2.556000000000e+00
 20   -2.556000000000e+00    -2.480000000000e+00
 21   -2.480000000000e+00    -2.404000000000e+00
 22   -2.404000000000e+00    -2.328000000000e+00
 23   -2.328000000000e+00    -2.252000000000e+00
 24   -2.252000000000e+00    -2.176000000000e+00
 25   -2.176000000000e+00    -2.100000000000e+00
 26   -2.100000000000e+00    -2.024000000000e+00
 27   -2.024000000000e+00    -1.948000000000e+00
 28   -1.948000000000e+00    -1.872000000000e+00
 29   -1.872000000000e+00    -1.796000000000e+00
 30   -1.796000000000e+00    -1.720000000000e+00
 31   -1.720000000000e+00    -1.644000000000e+00
 32   -1.644000000000e+00    -1.568000000000e+00
 33   -1.568000000000e+00    -1.492000000000e+00
 34   -1.492000000000e+00    -1.416000000000e+00
 35   -1.416000000000e+00    -1.340000000000e+00
 36   -1.340000000000e+00    -1.264000000000e+00
 37   -1.264000000000e+00    -1.188000000000e+00
 38   -1.188000000000e+00    -1.112000000000e+00
 39   -1.112000000000e+00    -1.036000000000e+00
 40   -1.036000000000e+00    -9.600000000000e-01
 41   -9.600000000000e-01    -8.840000000000e-01
 42   -8.840000000000e-01    -8.080000000000e-01
 43   -8.080000000000e-01    -7.320000000000e-01
 44   -7.320000000000e-01    -6.560000000000e-01
 45   -6.560000000000e-01    -5.800000000000e-01
 46   -5.800000000000e-01    -5.040000000000e-01
 47   -5.040000000000e-01    -4.280000000000e-01
 48   -4.280000000000e-01    -3.520000000000e-01
 49   -3.520000000000e-01    -2.760000000000e-01
 50   -2.760000000000e-01    -2.000000000000e-01
 51   -2.000000000000e-01    -1.800000000000e-01
 52   -1.800000000000e-01    -1.600000000000e-01
 53   -1.600000000000e-01    -1.400000000000e-01
 54   -1.400000000000e-01    -1.200000000000e-01
 55   -1.200000000000e-01    -1.000000000000e-01
 56   -1.000000000000e-01    -8.000000000000e-02
 57   -8.000000000000e-02    -6.000000000000e-02
 58   -6.000000000000e-02    -4.000000000000e-02
 59   -4.000000000000e-02    -2.000000000000e-02
 60   -2.000000000000e-02    -6.938893903907e-18
 61   -6.938893903907e-18    2.000000000000e-02
 62   2.000000000000e-02    4.000000000000e-02
 63   4.000000000000e-02    6.000000000000e-02
 64   6.000000000000e-02    8.000000000000e-02
 65   8.000000000000e-02    1.000000000000e-01
 66   1.000000000000e-01    1.200000000000e-01
 67   1.200000000000e-01    1.400000000000e-01
 68   1.400000000000e-01    1.600000000000e-01
 69   1.600000000000e-01    1.800000000000e-01
 70   1.800000000000e-01    2.000000000000e-01
 71   2.000000000000e-01    2.760000000000e-01
 72   2.760000000000e-01    3.520000000000e-01
 73   3.520000000000e-01    4.280000000000e-01
 74   4.280000000000e-01    5.040000000000e-01
 75   5.040000000000e-01    5.800000000000e-01
 76   5.800000000000e-01    6.560000000000e-01
 77   6.560000000000e-01    7.320000000000e-01
 78   7.320000000000e-01    8.080000000000e-01
 79   8.080000000000e-01    8.840000000000e-01
 80   8.840000000000e-01    9.600000000000e-01
 81   9.600000000000e-01    1.036000000000e+00
 82   1.036000000000e+00    1.112000000000e+00
 83   1.112000000000e+00    1.188000000000e+00
 84   1.188000000000e+00    1.264000000000e+00
 85   1.264000000000e+00    1.340000000000e+00
 86   1.340000000000e+00    1.416000000000e+00
 87   1.416000000000e+00    1.492000000000e+00
 88   1.492000000000e+00    1.568000000000e+00
 89   1.568000000000e+00    1.644000000000e+00
 90   1.644000000000e+00    1.720000000000e+00
 91   1.720000000000e+00    1.796000000000e+00
 92   1.796000000000e+00    1.872000000000e+00
 93   1.872000000000e+00    1.948000000000e+00
 94   1.948000000000e+00    2.024000000000e+00
 95   2.024000000000e+00    2.100000000000e+00
 96   2.100000000000e+00    2.176000000000e+00
 97   2.176000000000e+00    2.252000000000e+00
 98   2.252000000000e+00    2.328000000000e+00
 99   2.328000000000e+00    2.404000000000e+00
 100   2.404000000000e+00    2.480000000000e+00
 101   2.480000000000e+00    2.556000000000e+00
 102   2.556000000000e+00    2.632000000000e+00
 103   2.632000000000e+00    2.708000000000e+00
 104   2.708000000000e+00    2.784000000000e+00
 105   2.784000000000e+00    2.860000000000e+00
 106   2.860000000000e+00    2.936000000000e+00
 107   2.936000000000e+00    3.012000000000e+00
 108   3.012000000000e+00    3.088000000000e+00
 109   3.088000000000e+00    3.164000000000e+00
 110   3.164000000000e+00    3.240000000000e+00
 111   3.240000000000e+00    3.316000000000e+00
 112   3.316000000000e+00    3.392000000000e+00
 113   3.392000000000e+00    3.468000000000e+00
 114   3.468000000000e+00    3.544000000000e+00
 115   3.544000000000e+00    3.620000000000e+00
 116   3.620000000000e+00    3.696000000000e+00
 117   3.696000000000e+00    3.772000000000e+00
 118   3.772000000000e+00    3.848000000000e+00
 119   3.848000000000e+00    3.924000000000e+00
 120   3.924000000000e+00    4.000000000000e+00
100 
 1   -8.000000000000e+00    -7.840000000000e+00
 2   -7.840000000000e+00    -7.680000000000e+00
 3   -7.680000000000e+00    -7.520000000000e+00
 4   -7.520000000000e+00    -7.360000000000e+00
 5   -7.360000000000e+00    -7.200000000000e+00
 6   -7.200000000000e+00    -7.040000000000e+00
 7   -7.040000000000e+00    -6.880000000000e+00
 8   -6.880000000000e+00    -6.720000000000e+00
 9   -6.720000000000e+00    -6.560000000000e+00
 10   -6.560000000000e+00    -6.400000000000e+00
 11   -6.400000000000e+00    -6.240000000000e+00
 12   -6.240000000000e+00    -6.080000000000e+00
 13   -6.080000000000e+00    -5.920000000000e+00
 14   -5.920000000000e+00    -5.760000000000e+00
 15   -5.760000000000e+00    -5.600000000000e+00
 16   -5.600000000000e+00    -5.440000000000e+00
 17   -5.440000000000e+00    -5.280000000000e+00
 18   -5.280000000000e+00    -5.120000000000e+00
 19   -5.120000000000e+00    -4.960000000000e+00
 20   -4.960000000000e+00    -4.800000000000e+00
 21   -4.800000000000e+00    -4.640000000000e+00
 22   -4.640000000000e+00    -4.480000000000e+00
 23   -4.480000000000e+00    -4.320000000000e+00
 24   -4.320000000000e+00    -4.160000000000e+00
 25   -4.160000000000e+00    -4.000000000000e+00
 26   -4.000000000000e+00    -3.840000000000e+00
 27   -3.840000000000e+00    -3.680000000000e+00
 28   -3.680000000000e+00    -3.520000000000e+00
 29   -3.520000000000e+00    -3.360000000000e+00
 30   -3.360000000000e+00    -3.200000000000e+00
 31   -3.200000000000e+00    -3.040000000000e+00
 32   -3.040000000000e+00    -2.880000000000e+00
 33   -2.880000000000e+00    -2.720000000000e+00
 34   -2.720000000000e+00    -2.560000000000e+00
 35   -2.560000000000e+00    -2.400000000000e+00
 36   -2.400000000000e+00    -2.240000000000e+00
 37   -2.240000000000e+00    -2.080000000000e+00
 38   -2.080000000000e+00    -1.920000000000e+00
 39   -1.920000000000e+00    -1.760000000000e+00
 40   -1.760000000000e+00    -1.600000000000e+00
 41   -1.600000000000e+00    -1.440000000000e+00
 42   -1.440000000000e+00    -1.280000000000e+00
 43   -1.280000000000e+00    -1.120000000000e+00
 44   -1.120000000000e+00    -9.600000000000e-01
 45   -9.600000000000e-01    -8.000000000000e-01
 46   -8.000000000000e-01    -6.400000000000e-01
 47   -6.400000000000e-01    -4.800000000000e-01
 48   -4.800000000000e-01    -3.200000000000e-01
 49   -3.200000000000e-01    -1.600000000000e-01
 50   -1.600000000000e-01    1.665334536938e-16
 51   1.665334536938e-16    1.600000000000e-01
 52   1.600000000000e-01    3.200000000000e-01
 53   3.200000000000e-01    4.800000000000e-01
 54   4.800000000000e-01    6.400000000000e-01
 55   6.400000000000e-01    8.000000000000e-01
 56   8.000000000000e-01    9.600000000000e-01
 57   9.600000000000e-01    1.120000000000e+00
 58   1.120000000000e+00    1.280000000000e+00
 59   1.280000000000e+00    1.440000000000e+00
 60   1.440000000000e+00    1.600000000000e+00
 61   1.600000000000e+00    1.760000000000e+00
 62   1.760000000000e+00    1.920000000000e+00
 63   1.920000000000e+00    2.080000000000e+00
 64   2.080000000000e+00    2.240000000000e+00
 65   2.240000000000e+00    2.400000000000e+00
 66   2.400000000000e+00    2.560000000000e+00
 67   2.560000000000e+00    2.720000000000e+00
 68   2.720000000000e+00    2.880000000000e+00
 69   2.880000000000e+00    3.040000000000e+00
 70   3.040000000000e+00    3.200000000000e+00
 71   3.200000000000e+00    3.360000000000e+00
 72   3.360000000000e+00    3.520000000000e+00
 73   3.520000000000e+00    3.680000000000e+00
 74   3.680000000000e+00    3.840000000000e+00
 75   3.840000000000e+00    4.000000000000e+00
 76   4.000000000000e+00    4.160000000000e+00
 77   4.160000000000e+00    4.320000000000e+00
 78   4.320000000000e+00    4.480000000000e+00
 79   4.480000000000e+00    4.640000000000e+00
 80   4.640000000000e+00    4.800000000000e+00
 81   4.800000000000e+00    4.960000000000e+00
 82   4.960000000000e+00    5.120000000000e+00
 83   5.120000000000e+00    5.280000000000e+00
 84   5.280000000000e+00    5.440000000000e+00
 85   5.440000000000e+00    5.600000000000e+00
 86   5.600000000000e+00    5.760000000000e+00
 87   5.760000000000e+00    5.920000000000e+00
 88   5.920000000000e+00    6.080000000000e+00
 89   6.080000000000e+00    6.240000000000e+00
 90   6.240000000000e+00    6.400000000000e+00
 91   6.400000000000e+00    6.560000000000e+00
 92   6.560000000000e+00    6.720000000000e+00
 93   6.720000000000e+00    6.880000000000e+00
 94   6.880000000000e+00    7.040000000000e+00
 95   7.040000000000e+00    7.200000000000e+00
 96   7.200000000000e+00    7.360000000000e+00
 97   7.360000000000e+00    7.520000000000e+00
 98   7.520000000000e+00    7.680000000000e+00
 99   7.680000000000e+00    7.840000000000e+00
 100   7.840000000000e+00    8.000000000000e+00
1 
 1   0.000000000000e+00    1.000000000000e+00
